# JRE version: Java(TM) SE Runtime Environment (20.0.1+9) (build 20.0.1+9-29)
# Java VM: Java HotSpot(TM) 64-Bit Server VM (20.0.1+9-29, mixed mode, sharing, tiered, compressed oops, compressed class ptrs, g1 gc, windows-amd64)
GC Precious Log:
 CardTable entry size: 512
 Card Set container configuration: InlinePtr #cards 5 size 8 Array Of Cards #cards 12 size 40 Howl #buckets 4 coarsen threshold 1843 Howl Bitmap #cards 512 size 80 coarsen threshold 460 Card regions per heap region 1 cards per card region 2048
 CPUs: 8 total, 8 available
 Memory: 8029M
 Large Page Support: Disabled
 NUMA Support: Disabled
 Compressed Oops: Enabled (32-bit)
 Heap Region Size: 1M
 Heap Min Capacity: 8M
 Heap Initial Capacity: 126M
 Heap Max Capacity: 2008M
 Pre-touch: Disabled
 Parallel Workers: 8
 Concurrent Workers: 2
 Concurrent Refinement Workers: 8
 Periodic GC: Disabled
Heap:
 garbage-first heap   total 101376K, used 62448K [0x0000000082800000, 0x0000000100000000)
  region size 1024K, 23 young (23552K), 4 survivors (4096K)
 Metaspace       used 90160K, committed 90944K, reserved 1179648K
  class space    used 11387K, committed 11776K, reserved 1048576K
GC Heap History (20 events):
Event: 750.235 GC heap before
{Heap before GC invocations=51 (full 3):
 garbage-first heap   total 101376K, used 87251K [0x0000000082800000, 0x0000000100000000)
  region size 1024K, 44 young (45056K), 5 survivors (5120K)
 Metaspace       used 87745K, committed 88576K, reserved 1179648K
  class space    used 11195K, committed 11584K, reserved 1048576K
}
Event: 750.244 GC heap after
{Heap after GC invocations=52 (full 3):
 garbage-first heap   total 101376K, used 49349K [0x0000000082800000, 0x0000000100000000)
  region size 1024K, 5 young (5120K), 5 survivors (5120K)
 Metaspace       used 87745K, committed 88576K, reserved 1179648K
  class space    used 11195K, committed 11584K, reserved 1048576K
}
Event: 1050.697 GC heap before
{Heap before GC invocations=53 (full 3):
 garbage-first heap   total 101376K, used 86213K [0x0000000082800000, 0x0000000100000000)
  region size 1024K, 42 young (43008K), 5 survivors (5120K)
 Metaspace       used 88046K, committed 88896K, reserved 1179648K
  class space    used 11212K, committed 11584K, reserved 1048576K
}
Event: 1050.710 GC heap after
{Heap after GC invocations=54 (full 3):
 garbage-first heap   total 101376K, used 49357K [0x0000000082800000, 0x0000000100000000)
  region size 1024K, 3 young (3072K), 3 survivors (3072K)
 Metaspace       used 88046K, committed 88896K, reserved 1179648K
  class space    used 11212K, committed 11584K, reserved 1048576K
}
Event: 4584.107 GC heap before
{Heap before GC invocations=54 (full 3):
 garbage-first heap   total 101376K, used 88269K [0x0000000082800000, 0x0000000100000000)
  region size 1024K, 42 young (43008K), 3 survivors (3072K)
 Metaspace       used 88422K, committed 89280K, reserved 1179648K
  class space    used 11251K, committed 11648K, reserved 1048576K
}
Event: 4584.114 GC heap after
{Heap after GC invocations=55 (full 3):
 garbage-first heap   total 101376K, used 50202K [0x0000000082800000, 0x0000000100000000)
  region size 1024K, 3 young (3072K), 3 survivors (3072K)
 Metaspace       used 88422K, committed 89280K, reserved 1179648K
  class space    used 11251K, committed 11648K, reserved 1048576K
}
Event: 4869.525 GC heap before
{Heap before GC invocations=55 (full 3):
 garbage-first heap   total 101376K, used 90138K [0x0000000082800000, 0x0000000100000000)
  region size 1024K, 42 young (43008K), 3 survivors (3072K)
 Metaspace       used 89170K, committed 89984K, reserved 1179648K
  class space    used 11358K, committed 11712K, reserved 1048576K
}
Event: 4869.537 GC heap after
{Heap after GC invocations=56 (full 3):
 garbage-first heap   total 101376K, used 50397K [0x0000000082800000, 0x0000000100000000)
  region size 1024K, 4 young (4096K), 4 survivors (4096K)
 Metaspace       used 89170K, committed 89984K, reserved 1179648K
  class space    used 11358K, committed 11712K, reserved 1048576K
}
Event: 5218.906 GC heap before
{Heap before GC invocations=57 (full 3):
 garbage-first heap   total 101376K, used 88151K [0x0000000082800000, 0x0000000100000000)
  region size 1024K, 41 young (41984K), 4 survivors (4096K)
 Metaspace       used 88757K, committed 89984K, reserved 1179648K
  class space    used 11249K, committed 11712K, reserved 1048576K
}
Event: 5218.924 GC heap after
{Heap after GC invocations=58 (full 3):
 garbage-first heap   total 101376K, used 50180K [0x0000000082800000, 0x0000000100000000)
  region size 1024K, 3 young (3072K), 3 survivors (3072K)
 Metaspace       used 88757K, committed 89984K, reserved 1179648K
  class space    used 11249K, committed 11712K, reserved 1048576K
}
Event: 5597.846 GC heap before
{Heap before GC invocations=58 (full 3):
 garbage-first heap   total 101376K, used 91140K [0x0000000082800000, 0x0000000100000000)
  region size 1024K, 43 young (44032K), 3 survivors (3072K)
 Metaspace       used 88767K, committed 89984K, reserved 1179648K
  class space    used 11249K, committed 11712K, reserved 1048576K
}
Event: 5597.870 GC heap after
{Heap after GC invocations=59 (full 3):
 garbage-first heap   total 101376K, used 45415K [0x0000000082800000, 0x0000000100000000)
  region size 1024K, 3 young (3072K), 3 survivors (3072K)
 Metaspace       used 88767K, committed 89984K, reserved 1179648K
  class space    used 11249K, committed 11712K, reserved 1048576K
}
Event: 6025.944 GC heap before
{Heap before GC invocations=59 (full 3):
 garbage-first heap   total 101376K, used 91495K [0x0000000082800000, 0x0000000100000000)
  region size 1024K, 48 young (49152K), 3 survivors (3072K)
 Metaspace       used 88787K, committed 89984K, reserved 1179648K
  class space    used 11249K, committed 11712K, reserved 1048576K
}
Event: 6025.956 GC heap after
{Heap after GC invocations=60 (full 3):
 garbage-first heap   total 101376K, used 45679K [0x0000000082800000, 0x0000000100000000)
  region size 1024K, 4 young (4096K), 4 survivors (4096K)
 Metaspace       used 88787K, committed 89984K, reserved 1179648K
  class space    used 11249K, committed 11712K, reserved 1048576K
}
Event: 6190.268 GC heap before
{Heap before GC invocations=61 (full 3):
 garbage-first heap   total 101376K, used 67183K [0x0000000082800000, 0x0000000100000000)
  region size 1024K, 26 young (26624K), 4 survivors (4096K)
 Metaspace       used 89035K, committed 90176K, reserved 1179648K
  class space    used 11274K, committed 11712K, reserved 1048576K
}
Event: 6190.342 GC heap after
{Heap after GC invocations=62 (full 4):
 garbage-first heap   total 101376K, used 35676K [0x0000000082800000, 0x0000000100000000)
  region size 1024K, 0 young (0K), 0 survivors (0K)
 Metaspace       used 89030K, committed 90176K, reserved 1179648K
  class space    used 11273K, committed 11712K, reserved 1048576K
}
Event: 6191.322 GC heap before
{Heap before GC invocations=62 (full 4):
 garbage-first heap   total 101376K, used 93020K [0x0000000082800000, 0x0000000100000000)
  region size 1024K, 57 young (58368K), 0 survivors (0K)
 Metaspace       used 89479K, committed 90240K, reserved 1179648K
  class space    used 11330K, committed 11712K, reserved 1048576K
}
Event: 6191.331 GC heap after
{Heap after GC invocations=63 (full 4):
 garbage-first heap   total 101376K, used 41287K [0x0000000082800000, 0x0000000100000000)
  region size 1024K, 6 young (6144K), 6 survivors (6144K)
 Metaspace       used 89479K, committed 90240K, reserved 1179648K
  class space    used 11330K, committed 11712K, reserved 1048576K
}
Event: 6192.500 GC heap before
{Heap before GC invocations=64 (full 4):
 garbage-first heap   total 101376K, used 88391K [0x0000000082800000, 0x0000000100000000)
  region size 1024K, 51 young (52224K), 6 survivors (6144K)
 Metaspace       used 89926K, committed 90752K, reserved 1179648K
  class space    used 11363K, committed 11776K, reserved 1048576K
}
Event: 6192.507 GC heap after
{Heap after GC invocations=65 (full 4):
 garbage-first heap   total 101376K, used 44016K [0x0000000082800000, 0x0000000100000000)
  region size 1024K, 4 young (4096K), 4 survivors (4096K)
 Metaspace       used 89926K, committed 90752K, reserved 1179648K
  class space    used 11363K, committed 11776K, reserved 1048576K
}

